This is pdfTeX, Version 3.14159265-2.6-1.40.18 (MiKTeX 2.9.6500 64-bit) (preloaded format=pdflatex 2019.3.27)  19 AUG 2019 17:06
entering extended mode
**"C:/Users/admin/Documents/BizData/Â§ß‰Ω¨ÁöÑËÆ∫Êñá/oice 2/oice/oice.tex"
("C:/Users/admin/Documents/BizData/Â§ß‰Ω¨ÁöÑËÆ∫Êñá/oice 2/oice/oice.tex"
LaTeX2e <2017-04-15>
Babel <3.15> and hyphenation patterns for 75 language(s) loaded.
(llncs.cls
Document Class: llncs 2018/03/10 v2.20 
 LaTeX document class for Lecture Notes in Computer Science
("C:\Program Files\MiKTeX 2.9\tex\latex\base\article.cls"
Document Class: article 2014/09/29 v1.4h Standard LaTeX document class
("C:\Program Files\MiKTeX 2.9\tex\latex\base\size10.clo"
File: size10.clo 2014/09/29 v1.4h Standard LaTeX file (size option)
)
\c@part=\count79
\c@section=\count80
\c@subsection=\count81
\c@subsubsection=\count82
\c@paragraph=\count83
\c@subparagraph=\count84
\c@figure=\count85
\c@table=\count86
\abovecaptionskip=\skip41
\belowcaptionskip=\skip42
\bibindent=\dimen102
)
("C:\Program Files\MiKTeX 2.9\tex\latex\tools\multicol.sty"
Package: multicol 2017/04/11 v1.8q multicolumn formatting (FMi)
\c@tracingmulticols=\count87
\mult@box=\box26
\multicol@leftmargin=\dimen103
\c@unbalance=\count88
\c@collectmore=\count89
\doublecol@number=\count90
\multicoltolerance=\count91
\multicolpretolerance=\count92
\full@width=\dimen104
\page@free=\dimen105
\premulticols=\dimen106
\postmulticols=\dimen107
\multicolsep=\skip43
\multicolbaselineskip=\skip44
\partial@page=\box27
\last@line=\box28
\maxbalancingoverflow=\dimen108
\mult@rightbox=\box29
\mult@grightbox=\box30
\mult@gfirstbox=\box31
\mult@firstbox=\box32
\@tempa=\box33
\@tempa=\box34
\@tempa=\box35
\@tempa=\box36
\@tempa=\box37
\@tempa=\box38
\@tempa=\box39
\@tempa=\box40
\@tempa=\box41
\@tempa=\box42
\@tempa=\box43
\@tempa=\box44
\@tempa=\box45
\@tempa=\box46
\@tempa=\box47
\@tempa=\box48
\@tempa=\box49
\c@columnbadness=\count93
\c@finalcolumnbadness=\count94
\last@try=\dimen109
\multicolovershoot=\dimen110
\multicolundershoot=\dimen111
\mult@nat@firstbox=\box50
\colbreak@box=\box51
\mc@col@check@num=\count95
)
("C:\Program Files\MiKTeX 2.9\tex\latex\oberdiek\aliascnt.sty"
Package: aliascnt 2016/05/16 v1.4 Alias counters (HO)

("C:\Program Files\MiKTeX 2.9\tex\latex\carlisle\remreset.sty"))
\c@chapter=\count96
LaTeX Font Info:    Redeclaring math symbol \Gamma on input line 362.
LaTeX Font Info:    Redeclaring math symbol \Delta on input line 363.
LaTeX Font Info:    Redeclaring math symbol \Theta on input line 364.
LaTeX Font Info:    Redeclaring math symbol \Lambda on input line 365.
LaTeX Font Info:    Redeclaring math symbol \Xi on input line 366.
LaTeX Font Info:    Redeclaring math symbol \Pi on input line 367.
LaTeX Font Info:    Redeclaring math symbol \Sigma on input line 368.
LaTeX Font Info:    Redeclaring math symbol \Upsilon on input line 369.
LaTeX Font Info:    Redeclaring math symbol \Phi on input line 370.
LaTeX Font Info:    Redeclaring math symbol \Psi on input line 371.
LaTeX Font Info:    Redeclaring math symbol \Omega on input line 372.
\tocchpnum=\dimen112
\tocsecnum=\dimen113
\tocsectotal=\dimen114
\tocsubsecnum=\dimen115
\tocsubsectotal=\dimen116
\tocsubsubsecnum=\dimen117
\tocsubsubsectotal=\dimen118
\tocparanum=\dimen119
\tocparatotal=\dimen120
\tocsubparanum=\dimen121
\@tempcntc=\count97
\fnindent=\dimen122
\c@@inst=\count98
\c@@auth=\count99
\c@auco=\count100
\instindent=\dimen123
\authrun=\box52
\authorrunning=\toks14
\tocauthor=\toks15
\titrun=\box53
\titlerunning=\toks16
\toctitle=\toks17
\c@theorem=\count101
\c@case=\count102
\c@conjecture=\count103
\c@corollary=\count104
\c@definition=\count105
\c@example=\count106
\c@exercise=\count107
\c@lemma=\count108
\c@note=\count109
\c@problem=\count110
\c@property=\count111
\c@proposition=\count112
\c@question=\count113
\c@solution=\count114
\c@remark=\count115
\headlineindent=\dimen124
)
("C:\Program Files\MiKTeX 2.9\tex\latex\graphics\graphicx.sty"
Package: graphicx 2017/06/01 v1.1a Enhanced LaTeX Graphics (DPC,SPQR)

("C:\Program Files\MiKTeX 2.9\tex\latex\graphics\keyval.sty"
Package: keyval 2014/10/28 v1.15 key=value parser (DPC)
\KV@toks@=\toks18
)
("C:\Program Files\MiKTeX 2.9\tex\latex\graphics\graphics.sty"
Package: graphics 2017/06/25 v1.2c Standard LaTeX Graphics (DPC,SPQR)

("C:\Program Files\MiKTeX 2.9\tex\latex\graphics\trig.sty"
Package: trig 2016/01/03 v1.10 sin cos tan (DPC)
)
("C:\Program Files\MiKTeX 2.9\tex\latex\graphics-cfg\graphics.cfg"
File: graphics.cfg 2016/06/04 v1.11 sample graphics configuration
)
Package graphics Info: Driver file: pdftex.def on input line 99.

("C:\Program Files\MiKTeX 2.9\tex\latex\graphics-def\pdftex.def"
File: pdftex.def 2017/06/24 v1.0g Graphics/color driver for pdftex
))
\Gin@req@height=\dimen125
\Gin@req@width=\dimen126
)
("C:\Program Files\MiKTeX 2.9\tex\latex\amsmath\amsmath.sty"
Package: amsmath 2017/09/02 v2.17a AMS math features
\@mathmargin=\skip45

For additional information on amsmath, use the `?' option.
("C:\Program Files\MiKTeX 2.9\tex\latex\amsmath\amstext.sty"
Package: amstext 2000/06/29 v2.01 AMS text

("C:\Program Files\MiKTeX 2.9\tex\latex\amsmath\amsgen.sty"
File: amsgen.sty 1999/11/30 v2.0 generic functions
\@emptytoks=\toks19
\ex@=\dimen127
))
("C:\Program Files\MiKTeX 2.9\tex\latex\amsmath\amsbsy.sty"
Package: amsbsy 1999/11/29 v1.2d Bold Symbols
\pmbraise@=\dimen128
)
("C:\Program Files\MiKTeX 2.9\tex\latex\amsmath\amsopn.sty"
Package: amsopn 2016/03/08 v2.02 operator names
)
\inf@bad=\count116
LaTeX Info: Redefining \frac on input line 213.
\uproot@=\count117
\leftroot@=\count118
LaTeX Info: Redefining \overline on input line 375.
\classnum@=\count119
\DOTSCASE@=\count120
LaTeX Info: Redefining \ldots on input line 472.
LaTeX Info: Redefining \dots on input line 475.
LaTeX Info: Redefining \cdots on input line 596.
\Mathstrutbox@=\box54
\strutbox@=\box55
\big@size=\dimen129
LaTeX Font Info:    Redeclaring font encoding OML on input line 712.
LaTeX Font Info:    Redeclaring font encoding OMS on input line 713.


Package amsmath Warning: Unable to redefine math accent \vec.

\macc@depth=\count121
\c@MaxMatrixCols=\count122
\dotsspace@=\muskip10
\c@parentequation=\count123
\dspbrk@lvl=\count124
\tag@help=\toks20
\row@=\count125
\column@=\count126
\maxfields@=\count127
\andhelp@=\toks21
\eqnshift@=\dimen130
\alignsep@=\dimen131
\tagshift@=\dimen132
\tagwidth@=\dimen133
\totwidth@=\dimen134
\lineht@=\dimen135
\@envbody=\toks22
\multlinegap=\skip46
\multlinetaggap=\skip47
\mathdisplay@stack=\toks23
LaTeX Info: Redefining \[ on input line 2817.
LaTeX Info: Redefining \] on input line 2818.
) ("C:\Program Files\MiKTeX 2.9\tex\latex\amsfonts\amsfonts.sty"
Package: amsfonts 2013/01/14 v3.01 Basic AMSFonts support
\symAMSa=\mathgroup4
\symAMSb=\mathgroup5
LaTeX Font Info:    Overwriting math alphabet `\mathfrak' in version `bold'
(Font)                  U/euf/m/n --> U/euf/b/n on input line 106.
)
("C:\Program Files\MiKTeX 2.9\tex\latex\multirow\multirow.sty"
Package: multirow 2016/11/25 v2.2 Span multiple rows of a table
\multirow@colwidth=\skip48
\multirow@cntb=\count128
\multirow@dima=\skip49
\bigstrutjot=\dimen136
)
("C:\Program Files\MiKTeX 2.9\tex\latex\algorithm2e\algorithm2e.sty"
Package: algorithm2e 2017/07/18 v5.2 algorithms environments
\c@AlgoLine=\count129

("C:\Program Files\MiKTeX 2.9\tex\latex\base\ifthen.sty"
Package: ifthen 2014/09/29 v1.1c Standard LaTeX ifthen package (DPC)
)
\algocf@hangindent=\skip50

("C:\Program Files\MiKTeX 2.9\tex\latex\ifoddpage\ifoddpage.sty"
Package: ifoddpage 2016/04/23 v1.1 Conditionals for odd/even page detection
\c@checkoddpage=\count130
)
("C:\Program Files\MiKTeX 2.9\tex\latex\tools\xspace.sty"
Package: xspace 2014/10/28 v1.13 Space after command names (DPC,MH)
)
("C:\Program Files\MiKTeX 2.9\tex\latex\ltxmisc\relsize.sty"
Package: relsize 2003/07/04 ver 3.1
)
\skiptotal=\skip51
\skiplinenumber=\skip52
\skiprule=\skip53
\skiphlne=\skip54
\skiptext=\skip55
\skiplength=\skip56
\algomargin=\skip57
\skipalgocfslide=\skip58
\algowidth=\dimen137
\inoutsize=\dimen138
\inoutindent=\dimen139
\interspacetitleruled=\dimen140
\interspacealgoruled=\dimen141
\interspacetitleboxruled=\dimen142
\algocf@ruledwidth=\skip59
\algocf@inoutbox=\box56
\algocf@inputbox=\box57
\AlCapSkip=\skip60
\AlCapHSkip=\skip61
\algoskipindent=\skip62
\algocf@nlbox=\box58
\algocf@hangingbox=\box59
\algocf@untilbox=\box60
\algocf@skipuntil=\skip63
\algocf@capbox=\box61
\algocf@lcaptionbox=\skip64
\algoheightruledefault=\skip65
\algoheightrule=\skip66
\algotitleheightruledefault=\skip67
\algotitleheightrule=\skip68
\c@algocfline=\count131
\c@algocfproc=\count132
\c@algocf=\count133
\algocf@algoframe=\box62
\algocf@algobox=\box63
)
("C:\Program Files\MiKTeX 2.9\tex\latex\tools\array.sty"
Package: array 2016/10/06 v2.4d Tabular extension package (FMi)
\col@sep=\dimen143
\extrarowheight=\dimen144
\NC@list=\toks24
\extratabsurround=\skip69
\backup@length=\skip70
)
("C:\Program Files\MiKTeX 2.9\tex\latex\base\fixltx2e.sty"
Package: fixltx2e 2016/12/29 v2.1a fixes to LaTeX (obsolete)
Applying: [2015/01/01] Old fixltx2e package on input line 46.


Package fixltx2e Warning: fixltx2e is not required with releases after 2015
(fixltx2e)                All fixes are now in the LaTeX kernel.
(fixltx2e)                See the latexrelease package for details.

Already applied: [0000/00/00] Old fixltx2e package on input line 53.
) ("C:\Program Files\MiKTeX 2.9\tex\latex\url\url.sty"
\Urlmuskip=\muskip11
Package: url 2013/09/16  ver 3.4  Verb mode for urls, etc.
)
("C:\Program Files\MiKTeX 2.9\tex\latex\hyperref\hyperref.sty"
Package: hyperref 2017/03/14 v6.85a Hypertext links for LaTeX

("C:\Program Files\MiKTeX 2.9\tex\generic\oberdiek\hobsub-hyperref.sty"
Package: hobsub-hyperref 2016/05/16 v1.14 Bundle oberdiek, subset hyperref (HO)


("C:\Program Files\MiKTeX 2.9\tex\generic\oberdiek\hobsub-generic.sty"
Package: hobsub-generic 2016/05/16 v1.14 Bundle oberdiek, subset generic (HO)
Package: hobsub 2016/05/16 v1.14 Construct package bundles (HO)
Package: infwarerr 2016/05/16 v1.4 Providing info/warning/error messages (HO)
Package: ltxcmds 2016/05/16 v1.23 LaTeX kernel commands for general use (HO)
Package: ifluatex 2016/05/16 v1.4 Provides the ifluatex switch (HO)
Package ifluatex Info: LuaTeX not detected.
Package: ifvtex 2016/05/16 v1.6 Detect VTeX and its facilities (HO)
Package ifvtex Info: VTeX not detected.
Package: intcalc 2016/05/16 v1.2 Expandable calculations with integers (HO)
Package: ifpdf 2017/03/15 v3.2 Provides the ifpdf switch
Package: etexcmds 2016/05/16 v1.6 Avoid name clashes with e-TeX commands (HO)
Package etexcmds Info: Could not find \expanded.
(etexcmds)             That can mean that you are not using pdfTeX 1.50 or
(etexcmds)             that some package has redefined \expanded.
(etexcmds)             In the latter case, load this package earlier.
Package: kvsetkeys 2016/05/16 v1.17 Key value parser (HO)
Package: kvdefinekeys 2016/05/16 v1.4 Define keys (HO)
Package: pdftexcmds 2017/03/19 v0.25 Utility functions of pdfTeX for LuaTeX (HO
)
Package pdftexcmds Info: LuaTeX not detected.
Package pdftexcmds Info: \pdf@primitive is available.
Package pdftexcmds Info: \pdf@ifprimitive is available.
Package pdftexcmds Info: \pdfdraftmode found.
Package: pdfescape 2016/05/16 v1.14 Implements pdfTeX's escape features (HO)
Package: bigintcalc 2016/05/16 v1.4 Expandable calculations on big integers (HO
)
Package: bitset 2016/05/16 v1.2 Handle bit-vector datatype (HO)
Package: uniquecounter 2016/05/16 v1.3 Provide unlimited unique counter (HO)
)
Package hobsub Info: Skipping package `hobsub' (already loaded).
Package: letltxmacro 2016/05/16 v1.5 Let assignment for LaTeX macros (HO)
Package: hopatch 2016/05/16 v1.3 Wrapper for package hooks (HO)
Package: xcolor-patch 2016/05/16 xcolor patch
Package: atveryend 2016/05/16 v1.9 Hooks at the very end of document (HO)
Package atveryend Info: \enddocument detected (standard20110627).
Package: atbegshi 2016/06/09 v1.18 At begin shipout hook (HO)
Package: refcount 2016/05/16 v3.5 Data extraction from label references (HO)
Package: hycolor 2016/05/16 v1.8 Color options for hyperref/bookmark (HO)
)
("C:\Program Files\MiKTeX 2.9\tex\generic\ifxetex\ifxetex.sty"
Package: ifxetex 2010/09/12 v0.6 Provides ifxetex conditional
)
("C:\Program Files\MiKTeX 2.9\tex\latex\oberdiek\auxhook.sty"
Package: auxhook 2016/05/16 v1.4 Hooks for auxiliary files (HO)
)
("C:\Program Files\MiKTeX 2.9\tex\latex\oberdiek\kvoptions.sty"
Package: kvoptions 2016/05/16 v3.12 Key value format for package options (HO)
)
\@linkdim=\dimen145
\Hy@linkcounter=\count134
\Hy@pagecounter=\count135

("C:\Program Files\MiKTeX 2.9\tex\latex\hyperref\pd1enc.def"
File: pd1enc.def 2017/03/14 v6.85a Hyperref: PDFDocEncoding definition (HO)
)
\Hy@SavedSpaceFactor=\count136

("C:\Program Files\MiKTeX 2.9\tex\latex\00miktex\hyperref.cfg"
File: hyperref.cfg 2002/06/06 v1.2 hyperref configuration of TeXLive
)
Package hyperref Info: Hyper figures OFF on input line 4498.
Package hyperref Info: Link nesting OFF on input line 4503.
Package hyperref Info: Hyper index ON on input line 4506.
Package hyperref Info: Plain pages OFF on input line 4513.
Package hyperref Info: Backreferencing OFF on input line 4518.
Package hyperref Info: Implicit mode ON; LaTeX internals redefined.
Package hyperref Info: Bookmarks ON on input line 4751.
\c@Hy@tempcnt=\count137
LaTeX Info: Redefining \url on input line 5104.
\XeTeXLinkMargin=\dimen146
\Fld@menulength=\count138
\Field@Width=\dimen147
\Fld@charsize=\dimen148
Package hyperref Info: Hyper figures OFF on input line 6358.
Package hyperref Info: Link nesting OFF on input line 6363.
Package hyperref Info: Hyper index ON on input line 6366.
Package hyperref Info: backreferencing OFF on input line 6373.
Package hyperref Info: Link coloring OFF on input line 6378.
Package hyperref Info: Link coloring with OCG OFF on input line 6383.
Package hyperref Info: PDF/A mode OFF on input line 6388.
LaTeX Info: Redefining \ref on input line 6428.
LaTeX Info: Redefining \pageref on input line 6432.
\Hy@abspage=\count139
\c@Item=\count140
\c@Hfootnote=\count141
)

Package hyperref Message: Driver (autodetected): hpdftex.

("C:\Program Files\MiKTeX 2.9\tex\latex\hyperref\hpdftex.def"
File: hpdftex.def 2017/03/14 v6.85a Hyperref driver for pdfTeX
\Fld@listcount=\count142
\c@bookmark@seq@number=\count143

("C:\Program Files\MiKTeX 2.9\tex\latex\oberdiek\rerunfilecheck.sty"
Package: rerunfilecheck 2016/05/16 v1.8 Rerun checks for auxiliary files (HO)
Package uniquecounter Info: New unique counter `rerunfilecheck' on input line 2
82.
)
\Hy@SectionHShift=\skip71
)
("C:\Program Files\MiKTeX 2.9\tex\latex\graphics\color.sty"
Package: color 2016/07/10 v1.1e Standard LaTeX Color (DPC)

("C:\Program Files\MiKTeX 2.9\tex\latex\graphics-cfg\color.cfg"
File: color.cfg 2016/01/02 v1.6 sample color configuration
)
Package color Info: Driver file: pdftex.def on input line 147.
)
("C:\Program Files\MiKTeX 2.9\tex\latex\cite\cite.sty"
LaTeX Info: Redefining \cite on input line 302.
LaTeX Info: Redefining \nocite on input line 332.
Package: cite 2015/02/27  v 5.5
)
("C:\Program Files\MiKTeX 2.9\tex\latex\subfigure\subfigure.sty"
Package: subfigure 2002/07/30 v2.1.4 subfigure package
\subfigtopskip=\skip72
\subfigcapskip=\skip73
\subfigcaptopadj=\dimen149
\subfigbottomskip=\skip74
\subfigcapmargin=\dimen150
\subfiglabelskip=\skip75
\c@subfigure=\count144
\c@lofdepth=\count145
\c@subtable=\count146
\c@lotdepth=\count147

****************************************
* Local config file subfigure.cfg used *
****************************************
("C:\Program Files\MiKTeX 2.9\tex\latex\subfigure\subfigure.cfg")
\subfig@top=\skip76
\subfig@bottom=\skip77
) (oice.aux)
\openout1 = `oice.aux'.

LaTeX Font Info:    Checking defaults for OML/cmm/m/it on input line 26.
LaTeX Font Info:    ... okay on input line 26.
LaTeX Font Info:    Checking defaults for T1/cmr/m/n on input line 26.
LaTeX Font Info:    ... okay on input line 26.
LaTeX Font Info:    Checking defaults for OT1/cmr/m/n on input line 26.
LaTeX Font Info:    ... okay on input line 26.
LaTeX Font Info:    Checking defaults for OMS/cmsy/m/n on input line 26.
LaTeX Font Info:    ... okay on input line 26.
LaTeX Font Info:    Checking defaults for OMX/cmex/m/n on input line 26.
LaTeX Font Info:    ... okay on input line 26.
LaTeX Font Info:    Checking defaults for U/cmr/m/n on input line 26.
LaTeX Font Info:    ... okay on input line 26.
LaTeX Font Info:    Checking defaults for PD1/pdf/m/n on input line 26.
LaTeX Font Info:    ... okay on input line 26.

("C:\Program Files\MiKTeX 2.9\tex\context\base\mkii\supp-pdf.mkii"
[Loading MPS to PDF converter (version 2006.09.02).]
\scratchcounter=\count148
\scratchdimen=\dimen151
\scratchbox=\box64
\nofMPsegments=\count149
\nofMParguments=\count150
\everyMPshowfont=\toks25
\MPscratchCnt=\count151
\MPscratchDim=\dimen152
\MPnumerator=\count152
\makeMPintoPDFobject=\count153
\everyMPtoPDFconversion=\toks26
) ("C:\Program Files\MiKTeX 2.9\tex\latex\oberdiek\epstopdf-base.sty"
Package: epstopdf-base 2016/05/15 v2.6 Base part for package epstopdf

("C:\Program Files\MiKTeX 2.9\tex\latex\oberdiek\grfext.sty"
Package: grfext 2016/05/16 v1.2 Manage graphics extensions (HO)
)
Package epstopdf-base Info: Redefining graphics rule for `.eps' on input line 4
38.
Package grfext Info: Graphics extension search list:
(grfext)             [.pdf,.png,.jpg,.mps,.jpeg,.jbig2,.jb2,.PDF,.PNG,.JPG,.JPE
G,.JBIG2,.JB2,.eps]
(grfext)             \AppendGraphicsExtensions on input line 456.
)
\AtBeginShipoutBox=\box65
Package hyperref Info: Link coloring OFF on input line 26.

("C:\Program Files\MiKTeX 2.9\tex\latex\hyperref\nameref.sty"
Package: nameref 2016/05/21 v2.44 Cross-referencing by name of section

("C:\Program Files\MiKTeX 2.9\tex\generic\oberdiek\gettitlestring.sty"
Package: gettitlestring 2016/05/16 v1.5 Cleanup title references (HO)
)
\c@section@level=\count154
)
LaTeX Info: Redefining \ref on input line 26.
LaTeX Info: Redefining \pageref on input line 26.
LaTeX Info: Redefining \nameref on input line 26.

(oice.out) (oice.out)
\@outlinefile=\write3
\openout3 = `oice.out'.

LaTeX Font Info:    Try loading font information for U+msa on input line 48.
 ("C:\Program Files\MiKTeX 2.9\tex\latex\amsfonts\umsa.fd"
File: umsa.fd 2013/01/14 v3.01 AMS symbols A
)
LaTeX Font Info:    Try loading font information for U+msb on input line 48.
 ("C:\Program Files\MiKTeX 2.9\tex\latex\amsfonts\umsb.fd"
File: umsb.fd 2013/01/14 v3.01 AMS symbols B
)
Missing character: There is no ‚ in font cmr9!
Missing character: There is no Ä in font cmr9!
Missing character: There is no ô in font cmr9!
 [1

{C:/Users/admin/AppData/Local/MiKTeX/2.9/pdftex/config/pdftex.map}]
Underfull \vbox (badness 5726) has occurred while \output is active []

 [2]
[3]
Underfull \vbox (badness 5939) has occurred while \output is active []

 [4]
[5]
Missing character: There is no ‚ in font cmr9!
Missing character: There is no Ä in font cmr9!
Missing character: There is no ú in font cmr9!
Missing character: There is no ‚ in font cmr9!
Missing character: There is no Ä in font cmr9!
Missing character: There is no ù in font cmr9!
Missing character: There is no ‚ in font cmr9!
Missing character: There is no Ä in font cmr9!
Missing character: There is no ú in font cmr9!
Missing character: There is no ‚ in font cmr9!
Missing character: There is no Ä in font cmr9!
Missing character: There is no ù in font cmr9!
Missing character: There is no ¬ in font cmr9!
Missing character: There is no ± in font cmr9!
Missing character: There is no ¬ in font cmr9!
Missing character: There is no ± in font cmr9!
Missing character: There is no ¬ in font cmr9!
Missing character: There is no ± in font cmr9!
Missing character: There is no ¬ in font cmr9!
Missing character: There is no ± in font cmr9!
Missing character: There is no ¬ in font cmr9!
Missing character: There is no ± in font cmr9!
Missing character: There is no ¬ in font cmr9!
Missing character: There is no ± in font cmr9!
Missing character: There is no ¬ in font cmbx9!
Missing character: There is no ± in font cmbx9!
Missing character: There is no ¬ in font cmr9!
Missing character: There is no ± in font cmr9!
Missing character: There is no ¬ in font cmr9!
Missing character: There is no ± in font cmr9!
Missing character: There is no ¬ in font cmr9!
Missing character: There is no ± in font cmr9!
Missing character: There is no ¬ in font cmr9!
Missing character: There is no ± in font cmr9!
Missing character: There is no ¬ in font cmbx9!
Missing character: There is no ± in font cmbx9!
Missing character: There is no ¬ in font cmr9!
Missing character: There is no ± in font cmr9!
Missing character: There is no ¬ in font cmr9!
Missing character: There is no ± in font cmr9!
Missing character: There is no ¬ in font cmr9!
Missing character: There is no ± in font cmr9!
Missing character: There is no ¬ in font cmr9!
Missing character: There is no ± in font cmr9!
Missing character: There is no ¬ in font cmr9!
Missing character: There is no ± in font cmr9!
Missing character: There is no ¬ in font cmr9!
Missing character: There is no ± in font cmr9!
Missing character: There is no ¬ in font cmr9!
Missing character: There is no ± in font cmr9!
Missing character: There is no ¬ in font cmr9!
Missing character: There is no ± in font cmr9!
Missing character: There is no ¬ in font cmr9!
Missing character: There is no ± in font cmr9!
Missing character: There is no ¬ in font cmr9!
Missing character: There is no ± in font cmr9!
Missing character: There is no ¬ in font cmbx9!
Missing character: There is no ± in font cmbx9!
Missing character: There is no ¬ in font cmbx9!
Missing character: There is no ± in font cmbx9!
Missing character: There is no ¬ in font cmr9!
Missing character: There is no ± in font cmr9!
Missing character: There is no ¬ in font cmr9!
Missing character: There is no ± in font cmr9!
Missing character: There is no ¬ in font cmr9!
Missing character: There is no ± in font cmr9!
Missing character: There is no ¬ in font cmr9!
Missing character: There is no ± in font cmr9!
Missing character: There is no ¬ in font cmr9!
Missing character: There is no ± in font cmr9!
Missing character: There is no ¬ in font cmr9!
Missing character: There is no ± in font cmr9!
Missing character: There is no ¬ in font cmr9!
Missing character: There is no ± in font cmr9!
Missing character: There is no ¬ in font cmr9!
Missing character: There is no ± in font cmr9!
Missing character: There is no ¬ in font cmr9!
Missing character: There is no ± in font cmr9!
Missing character: There is no ¬ in font cmr9!
Missing character: There is no ± in font cmr9!
Missing character: There is no ¬ in font cmbx9!
Missing character: There is no ± in font cmbx9!
Missing character: There is no ¬ in font cmbx9!
Missing character: There is no ± in font cmbx9!
Missing character: There is no ¬ in font cmbx9!
Missing character: There is no ± in font cmbx9!
Missing character: There is no ¬ in font cmbx9!
Missing character: There is no ± in font cmbx9!
 [6]
Missing character: There is no ¬ in font cmr9!
Missing character: There is no ± in font cmr9!
Missing character: There is no ¬ in font cmr9!
Missing character: There is no ± in font cmr9!
Missing character: There is no ¬ in font cmr9!
Missing character: There is no ± in font cmr9!
Missing character: There is no ¬ in font cmr9!
Missing character: There is no ± in font cmr9!
Missing character: There is no ¬ in font cmbx9!
Missing character: There is no ± in font cmbx9!
Missing character: There is no ¬ in font cmr9!
Missing character: There is no ± in font cmr9!
Missing character: There is no ¬ in font cmr9!
Missing character: There is no ± in font cmr9!
Missing character: There is no ¬ in font cmbx9!
Missing character: There is no ± in font cmbx9!
<64.png, id=145, 462.528pt x 346.896pt>
File: 64.png Graphic file (type png)
<use 64.png>
Package pdftex.def Info: 64.png  used on input line 202. on input line 202.
Package pdftex.def Info: Requested size: 161.88722pt x 121.4154pt on input line
 202.

Overfull \hbox (19.62344pt too wide) in paragraph at lines 202--202
 [][] 
 []

<80.png, id=147, 462.528pt x 346.896pt>
File: 80.png Graphic file (type png)
<use 80.png>
Package pdftex.def Info: 80.png  used on input line 209. on input line 209.
Package pdftex.def Info: Requested size: 161.88722pt x 121.4154pt on input line
 209.

Overfull \hbox (19.62344pt too wide) in paragraph at lines 209--209
 [][] 
 []


Underfull \vbox (badness 2245) has occurred while \output is active []

 [7]
LaTeX Font Info:    Try loading font information for OMS+cmr on input line 214.


("C:\Program Files\MiKTeX 2.9\tex\latex\base\omscmr.fd"
File: omscmr.fd 2014/09/29 v2.5h Standard LaTeX font definitions
)
LaTeX Font Info:    Font shape `OMS/cmr/m/n' in size <10> not available
(Font)              Font shape `OMS/cmsy/m/n' tried instead on input line 214.
Missing character: There is no ¬ in font cmr9!
Missing character: There is no ± in font cmr9!
Missing character: There is no ¬ in font cmr9!
Missing character: There is no ± in font cmr9!
Missing character: There is no ¬ in font cmr9!
Missing character: There is no ± in font cmr9!
Missing character: There is no ¬ in font cmr9!
Missing character: There is no ± in font cmr9!
Missing character: There is no ¬ in font cmr9!
Missing character: There is no ± in font cmr9!
Missing character: There is no ¬ in font cmr9!
Missing character: There is no ± in font cmr9!
Missing character: There is no ¬ in font cmr9!
Missing character: There is no ± in font cmr9!
Missing character: There is no ¬ in font cmr9!
Missing character: There is no ± in font cmr9!
Missing character: There is no ¬ in font cmr9!
Missing character: There is no ± in font cmr9!
Missing character: There is no ¬ in font cmbx9!
Missing character: There is no ± in font cmbx9!
Missing character: There is no ¬ in font cmbx9!
Missing character: There is no ± in font cmbx9!
Missing character: There is no ¬ in font cmbx9!
Missing character: There is no ± in font cmbx9!
Missing character: There is no ¬ in font cmbx9!
Missing character: There is no ± in font cmbx9!
Missing character: There is no ¬ in font cmbx9!
Missing character: There is no ± in font cmbx9!
Missing character: There is no ¬ in font cmbx9!
Missing character: There is no ± in font cmbx9!
Missing character: There is no ¬ in font cmbx9!
Missing character: There is no ± in font cmbx9!
Missing character: There is no ¬ in font cmbx9!
Missing character: There is no ± in font cmbx9!
 [8 <./64.png> <./80.png>]
<5-50.jpg, id=175, 462.528pt x 346.896pt>
File: 5-50.jpg Graphic file (type jpg)
<use 5-50.jpg>
Package pdftex.def Info: 5-50.jpg  used on input line 245. on input line 245.
Package pdftex.def Info: Requested size: 161.88722pt x 121.4154pt on input line
 245.

Overfull \hbox (19.62344pt too wide) in paragraph at lines 245--245
 [][] 
 []

<10-50.jpg, id=176, 462.528pt x 346.896pt>
File: 10-50.jpg Graphic file (type jpg)
<use 10-50.jpg>
Package pdftex.def Info: 10-50.jpg  used on input line 252. on input line 252.
Package pdftex.def Info: Requested size: 161.88722pt x 121.4154pt on input line
 252.

Overfull \hbox (19.62344pt too wide) in paragraph at lines 252--252
 [][] 
 []

<15-50.jpg, id=177, 462.528pt x 346.896pt>
File: 15-50.jpg Graphic file (type jpg)
<use 15-50.jpg>
Package pdftex.def Info: 15-50.jpg  used on input line 259. on input line 259.
Package pdftex.def Info: Requested size: 161.88722pt x 121.4154pt on input line
 259.

Overfull \hbox (19.62344pt too wide) in paragraph at lines 259--259
 [][] 
 []

<20-50.jpg, id=178, 462.528pt x 346.896pt>
File: 20-50.jpg Graphic file (type jpg)
<use 20-50.jpg>
Package pdftex.def Info: 20-50.jpg  used on input line 266. on input line 266.
Package pdftex.def Info: Requested size: 161.88722pt x 121.4154pt on input line
 266.

Overfull \hbox (19.62344pt too wide) in paragraph at lines 266--266
 [][] 
 []

<delete.png, id=179, 462.528pt x 346.896pt>
File: delete.png Graphic file (type png)
<use delete.png>
Package pdftex.def Info: delete.png  used on input line 273. on input line 273.

Package pdftex.def Info: Requested size: 242.98541pt x 182.23956pt on input lin
e 273.

LaTeX Warning: `h' float specifier changed to `ht'.

Missing character: There is no ¬ in font cmr9!
Missing character: There is no ± in font cmr9!
Missing character: There is no ¬ in font cmr9!
Missing character: There is no ± in font cmr9!
Missing character: There is no ¬ in font cmr9!
Missing character: There is no ± in font cmr9!
Missing character: There is no ¬ in font cmr9!
Missing character: There is no ± in font cmr9!
Missing character: There is no ¬ in font cmr9!
Missing character: There is no ± in font cmr9!
[9] [10 <./5-50.jpg> <./10-50.jpg> <./15-50.jpg> <./20-50.jpg>]
Missing character: There is no ‚ in font cmbx10!
Missing character: There is no Ä in font cmbx10!
Missing character: There is no ô in font cmbx10!
 [11 <./delete.png>] (oice.bbl [12])
Package atveryend Info: Empty hook `BeforeClearDocument' on input line 358.
 [13]
Package atveryend Info: Empty hook `AfterLastShipout' on input line 358.
 (oice.aux)
Package atveryend Info: Executing hook `AtVeryEndDocument' on input line 358.
Package atveryend Info: Executing hook `AtEndAfterFileList' on input line 358.
Package rerunfilecheck Info: File `oice.out' has not changed.
(rerunfilecheck)             Checksum: 3CB90E2D3E7F9D5D61AF1ABC7419AB60;85.
Package atveryend Info: Empty hook `AtVeryVeryEnd' on input line 358.
 ) 
Here is how much of TeX's memory you used:
 7658 strings out of 493312
 111411 string characters out of 3138899
 221319 words of memory out of 3000000
 10992 multiletter control sequences out of 15000+200000
 13229 words of font info for 50 fonts, out of 3000000 for 9000
 1141 hyphenation exceptions out of 8191
 30i,15n,29p,1408b,493s stack positions out of 5000i,500n,10000p,200000b,50000s
<C:/Program Files/MiKTeX 2.9/fonts/type1/public/amsfonts/cm/cmbx10.pfb><C:/Pr
ogram Files/MiKTeX 2.9/fonts/type1/public/amsfonts/cm/cmbx12.pfb><C:/Program Fi
les/MiKTeX 2.9/fonts/type1/public/amsfonts/cm/cmbx7.pfb><C:/Program Files/MiKTe
X 2.9/fonts/type1/public/amsfonts/cm/cmbx9.pfb><C:/Program Files/MiKTeX 2.9/fon
ts/type1/public/amsfonts/cm/cmmi10.pfb><C:/Program Files/MiKTeX 2.9/fonts/type1
/public/amsfonts/cm/cmmi6.pfb><C:/Program Files/MiKTeX 2.9/fonts/type1/public/a
msfonts/cm/cmmi7.pfb><C:/Program Files/MiKTeX 2.9/fonts/type1/public/amsfonts/c
m/cmmib10.pfb><C:/Program Files/MiKTeX 2.9/fonts/type1/public/amsfonts/cm/cmr10
.pfb><C:/Program Files/MiKTeX 2.9/fonts/type1/public/amsfonts/cm/cmr7.pfb><C:/P
rogram Files/MiKTeX 2.9/fonts/type1/public/amsfonts/cm/cmr9.pfb><C:/Program Fil
es/MiKTeX 2.9/fonts/type1/public/amsfonts/cm/cmsy10.pfb><C:/Program Files/MiKTe
X 2.9/fonts/type1/public/amsfonts/cm/cmsy5.pfb><C:/Program Files/MiKTeX 2.9/fon
ts/type1/public/amsfonts/cm/cmsy6.pfb><C:/Program Files/MiKTeX 2.9/fonts/type1/
public/amsfonts/cm/cmsy7.pfb><C:/Program Files/MiKTeX 2.9/fonts/type1/public/am
sfonts/cm/cmti10.pfb><C:/Program Files/MiKTeX 2.9/fonts/type1/public/amsfonts/c
m/cmtt9.pfb>
Output written on oice.pdf (13 pages, 671939 bytes).
PDF statistics:
 296 PDF objects out of 1000 (max. 8388607)
 95 named destinations out of 1000 (max. 500000)
 44 words of extra memory for PDF output out of 10000 (max. 10000000)

